<?xml version="1.0" encoding="UTF-8"?>
<!-- Generated by org.testng.reporters.JUnitReportReporter -->
<testsuite hostname="DESKTOP-OL70TMQ" name="InterviewsGiven2020.Neosoft" tests="1" failures="0" timestamp="30 Jul 2020 04:35:40 GMT" time="30.394" errors="0">
  <testcase name="loginTest" time="30.394" classname="InterviewsGiven2020.Neosoft"/>
</testsuite> <!-- InterviewsGiven2020.Neosoft -->
