<?xml version="1.0" encoding="UTF-8"?>
<!-- Generated by org.testng.reporters.JUnitReportReporter -->
<testsuite hostname="DESKTOP-OL70TMQ" name="InterviewsGiven2020.ParatusSystems24072020" tests="1" failures="0" timestamp="24 Jul 2020 19:49:54 GMT" time="18.805" errors="0">
  <testcase name="loginTest" time="18.805" classname="InterviewsGiven2020.ParatusSystems24072020"/>
</testsuite> <!-- InterviewsGiven2020.ParatusSystems24072020 -->
